<?xml version="1.0" encoding="UTF-8"?>
<testng-results skipped="0" failed="0" ignored="0" total="2" passed="2">
  <reporter-output>
  </reporter-output>
  <suite name="Default suite" duration-ms="17565" started-at="2019-11-08T19:02:03 IST" finished-at="2019-11-08T19:02:21 IST">
    <groups>
    </groups>
    <test name="Default test" duration-ms="17565" started-at="2019-11-08T19:02:03 IST" finished-at="2019-11-08T19:02:21 IST">
      <class name="email.EmailNew">
        <test-method status="PASS" signature="init()[pri:0, instance:email.EmailNew@3cef309d]" name="init" is-config="true" duration-ms="10398" started-at="2019-11-08T19:02:03 IST" finished-at="2019-11-08T19:02:14 IST">
          <reporter-output>
          </reporter-output>
        </test-method> <!-- init -->
        <test-method status="PASS" signature="a()[pri:0, instance:email.EmailNew@3cef309d]" name="a" duration-ms="12" started-at="2019-11-08T19:02:14 IST" finished-at="2019-11-08T19:02:14 IST">
          <reporter-output>
          </reporter-output>
        </test-method> <!-- a -->
        <test-method status="PASS" signature="b()[pri:0, instance:email.EmailNew@3cef309d]" name="b" duration-ms="2" started-at="2019-11-08T19:02:14 IST" finished-at="2019-11-08T19:02:14 IST">
          <reporter-output>
          </reporter-output>
        </test-method> <!-- b -->
        <test-method status="PASS" signature="close_and_sendmail()[pri:0, instance:email.EmailNew@3cef309d]" name="close_and_sendmail" is-config="true" duration-ms="7094" started-at="2019-11-08T19:02:14 IST" finished-at="2019-11-08T19:02:21 IST">
          <reporter-output>
          </reporter-output>
        </test-method> <!-- close_and_sendmail -->
      </class> <!-- email.EmailNew -->
    </test> <!-- Default test -->
  </suite> <!-- Default suite -->
</testng-results>
